
/home/runner/work/exp-conversion-nfa-re-iiith/exp-conversion-nfa-re-iiith/experiment/simulation/js/data.js
    7:7   warning  'nfaData' is assigned a value but never used           no-unused-vars
  167:7   warning  'regexHelpers' is assigned a value but never used      no-unused-vars
  169:42  warning  'isLeft' is assigned a value but never used            no-unused-vars
  276:7   warning  'eliminationSteps' is assigned a value but never used  no-unused-vars
  279:5   warning  'conversionState' is assigned a value but never used   no-unused-vars

/home/runner/work/exp-conversion-nfa-re-iiith/exp-conversion-nfa-re-iiith/experiment/simulation/js/helper.js
    6:7   warning  'canvasHelper' is assigned a value but never used     no-unused-vars
   80:46  warning  'selectStateForElimination' is not defined            no-undef
  271:7   warning  'regexValidator' is assigned a value but never used   no-unused-vars
  274:41  warning  'regexOperators' is not defined                       no-undef
  330:7   warning  'uiHelper' is assigned a value but never used         no-unused-vars
  470:7   warning  'animationHelper' is assigned a value but never used  no-unused-vars

/home/runner/work/exp-conversion-nfa-re-iiith/exp-conversion-nfa-re-iiith/experiment/simulation/js/interactive.js
   22:25  warning  'conversionInProgress' is not defined                       no-undef
   25:19  warning  'currentNFA' is not defined                                 no-undef
   27:54  warning  'conversionState' is not defined                            no-undef
   32:5   warning  'selectStateForElimination' is not defined                  no-undef
   41:17  warning  'currentNFA' is not defined                                 no-undef
   48:16  warning  'conversionState' is not defined                            no-undef
   51:5   warning  'uiHelper' is not defined                                   no-undef
   53:5   warning  'uiHelper' is not defined                                   no-undef
   60:10  warning  'togglePreviewMode' is defined but never used               no-unused-vars
   63:39  warning  'selectedStateId' is not defined                            no-undef
   74:8   warning  'selectedStateId' is not defined                            no-undef
   77:3   warning  'animationHelper' is not defined                            no-undef
   77:34  warning  'selectedStateId' is not defined                            no-undef
   83:10  warning  'highlightAffectedTransitions' is defined but never used    no-unused-vars
   83:39  warning  'preview' is defined but never used                         no-unused-vars
   85:3   warning  'animationHelper' is not defined                            no-undef
   91:10  warning  'showNewTransitionPreviews' is defined but never used       no-unused-vars
   95:23  warning  'currentNFA' is not defined                                 no-undef
   96:21  warning  'currentNFA' is not defined                                 no-undef
  100:28  warning  'canvasHelper' is not defined                               no-undef
  103:9   warning  'currentNFA' is not defined                                 no-undef
  129:3   warning  'animationHelper' is not defined                            no-undef
  136:8   warning  'conversionInProgress' is not defined                       no-undef
  137:5   warning  'uiHelper' is not defined                                   no-undef
  141:27  warning  'currentNFA' is not defined                                 no-undef
  142:40  warning  'conversionState' is not defined                            no-undef
  146:5   warning  'uiHelper' is not defined                                   no-undef
  160:3   warning  'uiHelper' is not defined                                   no-undef
  166:10  warning  'calculateEliminationComplexity' is defined but never used  no-unused-vars
  167:20  warning  'currentNFA' is not defined                                 no-undef
  168:20  warning  'currentNFA' is not defined                                 no-undef
  169:20  warning  'currentNFA' is not defined                                 no-undef
  188:8   warning  'conversionInProgress' is not defined                       no-undef
  189:5   warning  'uiHelper' is not defined                                   no-undef
  193:27  warning  'currentNFA' is not defined                                 no-undef
  194:40  warning  'conversionState' is not defined                            no-undef
  198:5   warning  'uiHelper' is not defined                                   no-undef
  206:3   warning  'selectedStateId' is not defined                            no-undef
  208:3   warning  'uiHelper' is not defined                                   no-undef
  209:3   warning  'updateUI' is not defined                                   no-undef
  217:3   warning  'uiHelper' is not defined                                   no-undef
  223:10  warning  'showExampleStrings' is defined but never used              no-unused-vars
  225:26  warning  'nfaData' is not defined                                    no-undef
  225:34  warning  'currentNFAIndex' is not defined                            no-undef
  253:16  warning  'conversionInProgress' is not defined                       no-undef
  253:38  warning  'startConversion' is not defined                            no-undef
  257:15  warning  'selectedStateId' is not defined                            no-undef
  257:32  warning  'eliminateState' is not defined                             no-undef
  261:11  warning  'resetConversion' is not defined                            no-undef
  273:11  warning  'stepBack' is not defined                                   no-undef
  283:10  warning  'exportResults' is defined but never used                   no-unused-vars
  284:8   warning  'conversionState' is not defined                            no-undef
  285:5   warning  'uiHelper' is not defined                                   no-undef
  290:18  warning  'nfaData' is not defined                                    no-undef
  290:26  warning  'currentNFAIndex' is not defined                            no-undef
  291:17  warning  'conversionState' is not defined                            no-undef
  292:12  warning  'conversionState' is not defined                            no-undef
  308:3   warning  'uiHelper' is not defined                                   no-undef

/home/runner/work/exp-conversion-nfa-re-iiith/exp-conversion-nfa-re-iiith/experiment/simulation/js/main.js
   16:42  warning  'nfaData' is not defined                               no-undef
   34:10  warning  'changeNFA' is defined but never used                  no-unused-vars
   36:45  warning  'nfaData' is not defined                               no-undef
   37:42  warning  'nfaData' is not defined                               no-undef
   81:3   warning  'canvasHelper' is not defined                          no-undef
   87:26  warning  'conversionState' is not defined                       no-undef
   89:5   warning  'canvasHelper' is not defined                          no-undef
   94:30  warning  'conversionState' is not defined                       no-undef
   95:28  warning  'conversionState' is not defined                       no-undef
   98:7   warning  'canvasHelper' is not defined                          no-undef
  112:10  warning  'startConversion' is defined but never used            no-unused-vars
  114:3   warning  'conversionState' is not defined                       no-undef
  115:3   warning  'conversionState' is not defined                       no-undef
  118:3   warning  'conversionState' is not defined                       no-undef
  125:3   warning  'uiHelper' is not defined                              no-undef
  126:3   warning  'uiHelper' is not defined                              no-undef
  127:3   warning  'uiHelper' is not defined                              no-undef
  153:27  warning  'regexHelpers' is not defined                          no-undef
  154:20  warning  'regexHelpers' is not defined                          no-undef
  157:18  warning  'regexHelpers' is not defined                          no-undef
  162:15  warning  'conversionState' is not defined                       no-undef
  163:15  warning  'conversionState' is not defined                       no-undef
  168:20  warning  'regexHelpers' is not defined                          no-undef
  174:16  warning  'regexHelpers' is not defined                          no-undef
  189:10  warning  'eliminateState' is defined but never used             no-unused-vars
  211:3   warning  'uiHelper' is not defined                              no-undef
  229:29  warning  'regexHelpers' is not defined                          no-undef
  230:22  warning  'regexHelpers' is not defined                          no-undef
  233:20  warning  'regexHelpers' is not defined                          no-undef
  238:17  warning  'conversionState' is not defined                       no-undef
  239:17  warning  'conversionState' is not defined                       no-undef
  244:22  warning  'regexHelpers' is not defined                          no-undef
  250:18  warning  'regexHelpers' is not defined                          no-undef
  271:5   warning  'conversionState' is not defined                       no-undef
  272:5   warning  'conversionState' is not defined                       no-undef
  277:5   warning  'uiHelper' is not defined                              no-undef
  277:22  warning  'conversionState' is not defined                       no-undef
  278:5   warning  'uiHelper' is not defined                              no-undef
  278:34  warning  'conversionState' is not defined                       no-undef
  279:5   warning  'uiHelper' is not defined                              no-undef
  279:32  warning  'conversionState' is not defined                       no-undef
  287:5   warning  'animationHelper' is not defined                       no-undef
  292:5   warning  'uiHelper' is not defined                              no-undef
  327:11  warning  'conversionState' is not defined                       no-undef
  346:20  warning  'regexOperators' is not defined                        no-undef
  354:20  warning  'regexHelpers' is not defined                          no-undef
  358:16  warning  'regexHelpers' is not defined                          no-undef
  359:3   warning  'conversionState' is not defined                       no-undef
  365:3   warning  'uiHelper' is not defined                              no-undef
  365:20  warning  'conversionState' is not defined                       no-undef
  367:3   warning  'uiHelper' is not defined                              no-undef
  367:30  warning  'conversionState' is not defined                       no-undef
  369:3   warning  'uiHelper' is not defined                              no-undef
  377:10  warning  'stepBack' is defined but never used                   no-unused-vars
  378:32  warning  'conversionState' is not defined                       no-undef
  379:5   warning  'uiHelper' is not defined                              no-undef
  383:3   warning  'uiHelper' is not defined                              no-undef
  387:5   warning  'conversionState' is not defined                       no-undef
  390:27  warning  'conversionState' is not defined                       no-undef
  390:51  warning  'conversionState' is not defined                       no-undef
  407:7   warning  'uiHelper' is not defined                              no-undef
  409:7   warning  'uiHelper' is not defined                              no-undef
  414:5   warning  'animationHelper' is not defined                       no-undef
  420:5   warning  'uiHelper' is not defined                              no-undef
  431:31  warning  'conversionState' is not defined                       no-undef
  432:11  warning  'conversionState' is not defined                       no-undef
  437:3   warning  'conversionState' is not defined                       no-undef
  446:3   warning  'conversionState' is not defined                       no-undef
  449:3   warning  'conversionState' is not defined                       no-undef
  452:3   warning  'conversionState' is not defined                       no-undef
  455:7   warning  'conversionState' is not defined                       no-undef
  455:37  warning  'conversionState' is not defined                       no-undef
  456:5   warning  'conversionState' is not defined                       no-undef
  467:3   warning  'conversionState' is not defined                       no-undef
  468:3   warning  'conversionState' is not defined                       no-undef
  469:3   warning  'conversionState' is not defined                       no-undef
  470:3   warning  'conversionState' is not defined                       no-undef
  471:3   warning  'conversionState' is not defined                       no-undef
  475:42  warning  'nfaData' is not defined                               no-undef
  482:3   warning  'uiHelper' is not defined                              no-undef
  483:3   warning  'animationHelper' is not defined                       no-undef
  497:14  warning  'conversionState' is not defined                       no-undef
  498:32  warning  'conversionState' is not defined                       no-undef
  510:3   warning  'uiHelper' is not defined                              no-undef
  513:18  warning  'conversionState' is not defined                       no-undef
  514:14  warning  'conversionState' is not defined                       no-undef
  521:10  warning  'selectStateForElimination' is defined but never used  no-unused-vars
  525:52  warning  'conversionState' is not defined                       no-undef
  540:10  warning  'toggleAlgorithmInfo' is defined but never used        no-unused-vars

/home/runner/work/exp-conversion-nfa-re-iiith/exp-conversion-nfa-re-iiith/experiment/simulation/js/quiz.js
   10:7   warning  'QUIZ_TIME_LIMIT' is assigned a value but never used  no-unused-vars
  213:10  warning  'shouldShowQuiz' is defined but never used            no-unused-vars
  220:10  warning  'showQuizForElimination' is defined but never used    no-unused-vars
  514:46  warning  'difficulty' is assigned a value but never used       no-unused-vars
  536:42  warning  'index' is defined but never used                     no-unused-vars
  643:9   warning  'options' is assigned a value but never used          no-unused-vars
  785:10  warning  'resetQuizStats' is defined but never used            no-unused-vars

/home/runner/work/exp-conversion-nfa-re-iiith/exp-conversion-nfa-re-iiith/experiment/simulation/mobile_detection.js
  393:7   warning  'mobileDetection' is assigned a value but never used  no-unused-vars
  396:38  warning  'module' is not defined                               no-undef
  397:3   warning  'module' is not defined                               no-undef

✖ 168 problems (0 errors, 168 warnings)

